<?xml version="1.0" encoding="UTF-8"?>
<!-- Generated by org.testng.reporters.JUnitReportReporter -->
<testsuite hostname="PC-PC" name="AmazonSite.Mavenjavaa.SeleniumTest" tests="1" failures="0" timestamp="15 May 2020 07:18:59 GMT" time="0.001" errors="0">
  <testcase name="Abs" time="0.001" classname="AmazonSite.Mavenjavaa.SeleniumTest"/>
</testsuite> <!-- AmazonSite.Mavenjavaa.SeleniumTest -->
