<?xml version="1.0" encoding="UTF-8"?>
<!-- Generated by org.testng.reporters.JUnitReportReporter -->
<testsuite hostname="PC-PC" name="AmazonSite.Mavenjavaa.RestAPITest" tests="2" failures="0" timestamp="15 May 2020 07:18:59 GMT" time="0.013" errors="0">
  <testcase name="Rapper" time="0.013" classname="AmazonSite.Mavenjavaa.RestAPITest"/>
  <testcase name="Singer" time="0.000" classname="AmazonSite.Mavenjavaa.RestAPITest"/>
</testsuite> <!-- AmazonSite.Mavenjavaa.RestAPITest -->
